1675969670313	geckodriver	INFO	Listening on 127.0.0.1:60708
1675969670833	mozrunner::runner	INFO	Running command: "/Applications/Firefox.app/Contents/MacOS/firefox-bin" "--marionette" "-headless" "--remote-debugging-port"  ... s" "localhost" "-foreground" "-no-remote" "-profile" "/var/folders/q7/n562bdl10nd3w595b5gytbhw0000gn/T/rust_mozprofilee3U3o6"
*** You are running in headless mode.
1675969671258	Marionette	INFO	Marionette enabled
2023-02-09 19:07:51.282 plugin-container[85753:8659770] nil host used in call to allowsSpecificHTTPSCertificateForHost
2023-02-09 19:07:51.283 plugin-container[85753:8659770] nil host used in call to allowsAnyHTTPSCertificateForHost:
2023-02-09 19:07:51.291 plugin-container[85753:8659770] nil host used in call to allowsSpecificHTTPSCertificateForHost
2023-02-09 19:07:51.291 plugin-container[85753:8659770] nil host used in call to allowsAnyHTTPSCertificateForHost:
2023-02-09 19:07:51.291 plugin-container[85753:8659791] nil host used in call to allowsSpecificHTTPSCertificateForHost
2023-02-09 19:07:51.291 plugin-container[85753:8659791] nil host used in call to allowsAnyHTTPSCertificateForHost:
1675969671292	Marionette	INFO	Listening on port 60714
WebDriver BiDi listening on ws://localhost:60709
Read port: 60714
1675969671724	RemoteAgent	WARN	TLS certificate errors will be ignored for this session
[GFX1-]: RenderCompositorSWGL failed mapping default framebuffer, no dt
console.warn: SearchSettings: "get: No settings file exists, new profile?" (new NotFoundError("Could not open the file at /var/folders/q7/n562bdl10nd3w595b5gytbhw0000gn/T/rust_mozprofilee3U3o6/search.json.mozlz4", (void 0)))
DevTools listening on ws://localhost:60709/devtools/browser/845dce34-efc8-4568-9f72-b6cd9e382f16
JavaScript warning: https://admin.3esynaptiq.com/sq2020/static/js/6.32a35443.chunk.js, line 1: unreachable code after return statement
JavaScript warning: https://admin.3esynaptiq.com/sq2020/static/js/6.32a35443.chunk.js, line 1: unreachable code after return statement
console.warn: LoginRecipes: "getRecipes: falling back to a synchronous message for:" "https://admin.3esynaptiq.com"
console.warn: LoginRecipes: "getRecipes: falling back to a synchronous message for:" "https://admin.3esynaptiq.com"
JavaScript error: resource://gre/modules/LoginManagerParent.jsm, line 136: TypeError: gRecipeManager is null
1675969706541	Marionette	INFO	Stopped listening on port 60714
