1675969497209	geckodriver	INFO	Listening on 127.0.0.1:60397
1675969497540	mozrunner::runner	INFO	Running command: "/Applications/Firefox.app/Contents/MacOS/firefox-bin" "--marionette" "-headless" "--remote-debugging-port"  ... s" "localhost" "-foreground" "-no-remote" "-profile" "/var/folders/q7/n562bdl10nd3w595b5gytbhw0000gn/T/rust_mozprofileHsIA0r"
*** You are running in headless mode.
2023-02-09 19:05:02.235 plugin-container[85639:8655020] nil host used in call to allowsSpecificHTTPSCertificateForHost
2023-02-09 19:05:02.235 plugin-container[85639:8655020] nil host used in call to allowsAnyHTTPSCertificateForHost:
1675969502276	Marionette	INFO	Marionette enabled
1675969502318	Marionette	INFO	Listening on port 60403
WebDriver BiDi listening on ws://localhost:60398
Read port: 60403
2023-02-09 19:05:02.489 plugin-container[85639:8655020] nil host used in call to allowsSpecificHTTPSCertificateForHost
2023-02-09 19:05:02.489 plugin-container[85639:8655020] nil host used in call to allowsAnyHTTPSCertificateForHost:
2023-02-09 19:05:02.490 plugin-container[85639:8655053] nil host used in call to allowsSpecificHTTPSCertificateForHost
2023-02-09 19:05:02.490 plugin-container[85639:8655053] nil host used in call to allowsAnyHTTPSCertificateForHost:
1675969502756	RemoteAgent	WARN	TLS certificate errors will be ignored for this session
[GFX1-]: RenderCompositorSWGL failed mapping default framebuffer, no dt
console.warn: SearchSettings: "get: No settings file exists, new profile?" (new NotFoundError("Could not open the file at /var/folders/q7/n562bdl10nd3w595b5gytbhw0000gn/T/rust_mozprofileHsIA0r/search.json.mozlz4", (void 0)))
DevTools listening on ws://localhost:60398/devtools/browser/b5ddb7af-75d0-47ff-bbd2-12affc1d400f
JavaScript warning: https://admin.3esynaptiq.com/sq2020/static/js/6.32a35443.chunk.js, line 1: unreachable code after return statement
JavaScript warning: https://admin.3esynaptiq.com/sq2020/static/js/6.32a35443.chunk.js, line 1: unreachable code after return statement
console.warn: LoginRecipes: "getRecipes: falling back to a synchronous message for:" "https://admin.3esynaptiq.com"
console.warn: LoginRecipes: "getRecipes: falling back to a synchronous message for:" "https://admin.3esynaptiq.com"
JavaScript error: resource://gre/modules/LoginManagerParent.jsm, line 136: TypeError: gRecipeManager is null
1675969521275	Marionette	INFO	Stopped listening on port 60403
