1675969599224	geckodriver	INFO	Listening on 127.0.0.1:60606
1675969599734	mozrunner::runner	INFO	Running command: "/Applications/Firefox.app/Contents/MacOS/firefox-bin" "--marionette" "-headless" "--remote-debugging-port"  ... s" "localhost" "-foreground" "-no-remote" "-profile" "/var/folders/q7/n562bdl10nd3w595b5gytbhw0000gn/T/rust_mozprofile5mqyzK"
*** You are running in headless mode.
2023-02-09 19:06:40.530 plugin-container[85727:8658320] nil host used in call to allowsSpecificHTTPSCertificateForHost
2023-02-09 19:06:40.531 plugin-container[85727:8658320] nil host used in call to allowsAnyHTTPSCertificateForHost:
2023-02-09 19:06:40.537 plugin-container[85727:8658320] nil host used in call to allowsSpecificHTTPSCertificateForHost
2023-02-09 19:06:40.537 plugin-container[85727:8658320] nil host used in call to allowsAnyHTTPSCertificateForHost:
2023-02-09 19:06:40.537 plugin-container[85727:8658318] nil host used in call to allowsSpecificHTTPSCertificateForHost
2023-02-09 19:06:40.537 plugin-container[85727:8658318] nil host used in call to allowsAnyHTTPSCertificateForHost:
1675969600704	Marionette	INFO	Marionette enabled
1675969600780	Marionette	INFO	Listening on port 60614
Read port: 60614
WebDriver BiDi listening on ws://localhost:60607
Read port: 60614
1675969602567	RemoteAgent	WARN	TLS certificate errors will be ignored for this session
[GFX1-]: RenderCompositorSWGL failed mapping default framebuffer, no dt
console.warn: SearchSettings: "get: No settings file exists, new profile?" (new NotFoundError("Could not open the file at /var/folders/q7/n562bdl10nd3w595b5gytbhw0000gn/T/rust_mozprofile5mqyzK/search.json.mozlz4", (void 0)))
DevTools listening on ws://localhost:60607/devtools/browser/591661cf-d832-4dee-8a46-1217e6b0cd09
JavaScript warning: https://admin.3esynaptiq.com/sq2020/static/js/6.32a35443.chunk.js, line 1: unreachable code after return statement
JavaScript warning: https://admin.3esynaptiq.com/sq2020/static/js/6.32a35443.chunk.js, line 1: unreachable code after return statement
console.warn: LoginRecipes: "getRecipes: falling back to a synchronous message for:" "https://admin.3esynaptiq.com"
console.warn: LoginRecipes: "getRecipes: falling back to a synchronous message for:" "https://admin.3esynaptiq.com"
JavaScript error: resource://gre/modules/LoginManagerParent.jsm, line 136: TypeError: gRecipeManager is null
JavaScript error: resource://gre/modules/XULStore.jsm, line 66: Error: Can't find profile directory.
JavaScript error: resource://gre/modules/XULStore.jsm, line 66: Error: Can't find profile directory.
1675969636824	Marionette	INFO	Stopped listening on port 60614
